{"/Users/james/Development/auralog/packages/sdk/src/console-capture.ts": {"path":"/Users/james/Development/auralog/packages/sdk/src/console-capture.ts","all":false,"statementMap":{"5":{"start":{"line":6,"column":0},"end":{"line":6,"column":51}},"6":{"start":{"line":7,"column":0},"end":{"line":7,"column":14}},"7":{"start":{"line":8,"column":0},"end":{"line":8,"column":15}},"8":{"start":{"line":9,"column":0},"end":{"line":9,"column":17}},"9":{"start":{"line":10,"column":0},"end":{"line":10,"column":2}},"11":{"start":{"line":12,"column":0},"end":{"line":12,"column":74}},"13":{"start":{"line":14,"column":0},"end":{"line":14,"column":64}},"14":{"start":{"line":15,"column":0},"end":{"line":15,"column":24}},"15":{"start":{"line":16,"column":0},"end":{"line":16,"column":77}},"17":{"start":{"line":18,"column":0},"end":{"line":18,"column":66}},"18":{"start":{"line":19,"column":0},"end":{"line":19,"column":39}},"19":{"start":{"line":20,"column":0},"end":{"line":20,"column":108}},"20":{"start":{"line":21,"column":0},"end":{"line":21,"column":99}},"21":{"start":{"line":22,"column":0},"end":{"line":22,"column":36}},"22":{"start":{"line":23,"column":0},"end":{"line":23,"column":6}},"23":{"start":{"line":24,"column":0},"end":{"line":24,"column":3}},"24":{"start":{"line":25,"column":0},"end":{"line":25,"column":1}},"26":{"start":{"line":27,"column":0},"end":{"line":27,"column":44}},"27":{"start":{"line":28,"column":0},"end":{"line":28,"column":25}},"28":{"start":{"line":29,"column":0},"end":{"line":29,"column":52}},"29":{"start":{"line":30,"column":0},"end":{"line":30,"column":55}},"30":{"start":{"line":31,"column":0},"end":{"line":31,"column":58}},"31":{"start":{"line":32,"column":0},"end":{"line":32,"column":19}},"32":{"start":{"line":33,"column":0},"end":{"line":33,"column":1}}},"s":{"5":1,"6":1,"7":1,"8":1,"9":1,"11":1,"13":1,"14":5,"15":5,"17":5,"18":15,"19":15,"20":4,"21":4,"22":4,"23":15,"24":5,"26":1,"27":13,"28":5,"29":5,"30":5,"31":5,"32":5},"branchMap":{"0":{"type":"branch","line":14,"loc":{"start":{"line":14,"column":7},"end":{"line":25,"column":1}},"locations":[{"start":{"line":14,"column":7},"end":{"line":25,"column":1}}]},"1":{"type":"branch","line":15,"loc":{"start":{"line":15,"column":17},"end":{"line":15,"column":24}},"locations":[{"start":{"line":15,"column":17},"end":{"line":15,"column":24}}]},"2":{"type":"branch","line":18,"loc":{"start":{"line":18,"column":65},"end":{"line":24,"column":3}},"locations":[{"start":{"line":18,"column":65},"end":{"line":24,"column":3}}]},"3":{"type":"branch","line":20,"loc":{"start":{"line":20,"column":83},"end":{"line":23,"column":6}},"locations":[{"start":{"line":20,"column":83},"end":{"line":23,"column":6}}]},"4":{"type":"branch","line":27,"loc":{"start":{"line":27,"column":7},"end":{"line":33,"column":1}},"locations":[{"start":{"line":27,"column":7},"end":{"line":33,"column":1}}]},"5":{"type":"branch","line":28,"loc":{"start":{"line":28,"column":18},"end":{"line":33,"column":1}},"locations":[{"start":{"line":28,"column":18},"end":{"line":33,"column":1}}]},"6":{"type":"branch","line":28,"loc":{"start":{"line":28,"column":18},"end":{"line":33,"column":1}},"locations":[{"start":{"line":28,"column":18},"end":{"line":33,"column":1}}]}},"b":{"0":[5],"1":[0],"2":[15],"3":[4],"4":[13],"5":[8],"6":[5]},"fnMap":{"0":{"name":"startConsoleCapture","decl":{"start":{"line":14,"column":7},"end":{"line":25,"column":1}},"loc":{"start":{"line":14,"column":7},"end":{"line":25,"column":1}},"line":14},"1":{"name":"console.<computed>","decl":{"start":{"line":20,"column":83},"end":{"line":23,"column":6}},"loc":{"start":{"line":20,"column":83},"end":{"line":23,"column":6}},"line":20},"2":{"name":"stopConsoleCapture","decl":{"start":{"line":27,"column":7},"end":{"line":33,"column":1}},"loc":{"start":{"line":27,"column":7},"end":{"line":33,"column":1}},"line":27}},"f":{"0":5,"1":4,"2":13}}
,"/Users/james/Development/auralog/packages/sdk/src/error-capture.ts": {"path":"/Users/james/Development/auralog/packages/sdk/src/error-capture.ts","all":false,"statementMap":{"4":{"start":{"line":5,"column":0},"end":{"line":5,"column":58}},"5":{"start":{"line":6,"column":0},"end":{"line":6,"column":64}},"7":{"start":{"line":8,"column":0},"end":{"line":8,"column":62}},"8":{"start":{"line":9,"column":0},"end":{"line":9,"column":30}},"10":{"start":{"line":11,"column":0},"end":{"line":11,"column":37}},"11":{"start":{"line":12,"column":0},"end":{"line":12,"column":114}},"12":{"start":{"line":13,"column":0},"end":{"line":13,"column":4}},"14":{"start":{"line":15,"column":0},"end":{"line":15,"column":43}},"15":{"start":{"line":16,"column":0},"end":{"line":16,"column":44}},"16":{"start":{"line":17,"column":0},"end":{"line":17,"column":13}},"17":{"start":{"line":18,"column":0},"end":{"line":18,"column":21}},"18":{"start":{"line":19,"column":0},"end":{"line":19,"column":57}},"19":{"start":{"line":20,"column":0},"end":{"line":20,"column":53}},"20":{"start":{"line":21,"column":0},"end":{"line":21,"column":42}},"21":{"start":{"line":22,"column":0},"end":{"line":22,"column":7}},"22":{"start":{"line":23,"column":0},"end":{"line":23,"column":4}},"24":{"start":{"line":25,"column":0},"end":{"line":25,"column":51}},"25":{"start":{"line":26,"column":0},"end":{"line":26,"column":53}},"26":{"start":{"line":27,"column":0},"end":{"line":27,"column":1}},"28":{"start":{"line":29,"column":0},"end":{"line":29,"column":42}},"29":{"start":{"line":30,"column":0},"end":{"line":30,"column":112}},"30":{"start":{"line":31,"column":0},"end":{"line":31,"column":116}},"31":{"start":{"line":32,"column":0},"end":{"line":32,"column":1}}},"s":{"4":1,"5":1,"7":1,"8":4,"10":4,"11":1,"12":1,"14":4,"15":2,"16":2,"17":2,"18":2,"19":2,"20":2,"21":2,"22":2,"24":4,"25":4,"26":4,"28":1,"29":8,"30":8,"31":8},"branchMap":{"0":{"type":"branch","line":8,"loc":{"start":{"line":8,"column":7},"end":{"line":27,"column":1}},"locations":[{"start":{"line":8,"column":7},"end":{"line":27,"column":1}}]},"1":{"type":"branch","line":9,"loc":{"start":{"line":9,"column":23},"end":{"line":9,"column":30}},"locations":[{"start":{"line":9,"column":23},"end":{"line":9,"column":30}}]},"2":{"type":"branch","line":11,"loc":{"start":{"line":11,"column":20},"end":{"line":13,"column":4}},"locations":[{"start":{"line":11,"column":20},"end":{"line":13,"column":4}}]},"3":{"type":"branch","line":15,"loc":{"start":{"line":15,"column":21},"end":{"line":23,"column":4}},"locations":[{"start":{"line":15,"column":21},"end":{"line":23,"column":4}}]},"4":{"type":"branch","line":19,"loc":{"start":{"line":19,"column":15},"end":{"line":19,"column":42}},"locations":[{"start":{"line":19,"column":15},"end":{"line":19,"column":42}}]},"5":{"type":"branch","line":19,"loc":{"start":{"line":19,"column":32},"end":{"line":19,"column":57}},"locations":[{"start":{"line":19,"column":32},"end":{"line":19,"column":57}}]},"6":{"type":"branch","line":20,"loc":{"start":{"line":20,"column":18},"end":{"line":20,"column":43}},"locations":[{"start":{"line":20,"column":18},"end":{"line":20,"column":43}}]},"7":{"type":"branch","line":20,"loc":{"start":{"line":20,"column":35},"end":{"line":20,"column":53}},"locations":[{"start":{"line":20,"column":35},"end":{"line":20,"column":53}}]},"8":{"type":"branch","line":29,"loc":{"start":{"line":29,"column":7},"end":{"line":32,"column":1}},"locations":[{"start":{"line":29,"column":7},"end":{"line":32,"column":1}}]},"9":{"type":"branch","line":30,"loc":{"start":{"line":30,"column":23},"end":{"line":30,"column":112}},"locations":[{"start":{"line":30,"column":23},"end":{"line":30,"column":112}}]},"10":{"type":"branch","line":31,"loc":{"start":{"line":31,"column":24},"end":{"line":31,"column":116}},"locations":[{"start":{"line":31,"column":24},"end":{"line":31,"column":116}}]}},"b":{"0":[4],"1":[0],"2":[1],"3":[2],"4":[1],"5":[1],"6":[1],"7":[1],"8":[8],"9":[4],"10":[4]},"fnMap":{"0":{"name":"startErrorCapture","decl":{"start":{"line":8,"column":7},"end":{"line":27,"column":1}},"loc":{"start":{"line":8,"column":7},"end":{"line":27,"column":1}},"line":8},"1":{"name":"uncaughtHandler","decl":{"start":{"line":11,"column":20},"end":{"line":13,"column":4}},"loc":{"start":{"line":11,"column":20},"end":{"line":13,"column":4}},"line":11},"2":{"name":"rejectionHandler","decl":{"start":{"line":15,"column":21},"end":{"line":23,"column":4}},"loc":{"start":{"line":15,"column":21},"end":{"line":23,"column":4}},"line":15},"3":{"name":"stopErrorCapture","decl":{"start":{"line":29,"column":7},"end":{"line":32,"column":1}},"loc":{"start":{"line":29,"column":7},"end":{"line":32,"column":1}},"line":29}},"f":{"0":4,"1":1,"2":2,"3":8}}
,"/Users/james/Development/auralog/packages/sdk/src/index.ts": {"path":"/Users/james/Development/auralog/packages/sdk/src/index.ts","all":false,"statementMap":{"0":{"start":{"line":1,"column":0},"end":{"line":1,"column":60}},"1":{"start":{"line":2,"column":0},"end":{"line":2,"column":37}},"2":{"start":{"line":3,"column":0},"end":{"line":3,"column":43}},"3":{"start":{"line":4,"column":0},"end":{"line":4,"column":79}},"4":{"start":{"line":5,"column":0},"end":{"line":5,"column":73}},"7":{"start":{"line":8,"column":0},"end":{"line":8,"column":33}},"8":{"start":{"line":9,"column":0},"end":{"line":9,"column":39}},"10":{"start":{"line":11,"column":0},"end":{"line":11,"column":54}},"12":{"start":{"line":13,"column":0},"end":{"line":13,"column":21}},"13":{"start":{"line":14,"column":0},"end":{"line":14,"column":24}},"14":{"start":{"line":15,"column":0},"end":{"line":15,"column":24}},"15":{"start":{"line":16,"column":0},"end":{"line":16,"column":35}},"16":{"start":{"line":17,"column":0},"end":{"line":17,"column":29}},"17":{"start":{"line":18,"column":0},"end":{"line":18,"column":26}},"18":{"start":{"line":19,"column":0},"end":{"line":19,"column":50}},"19":{"start":{"line":20,"column":0},"end":{"line":20,"column":69}},"20":{"start":{"line":21,"column":0},"end":{"line":21,"column":12}},"21":{"start":{"line":22,"column":0},"end":{"line":22,"column":5}},"23":{"start":{"line":24,"column":0},"end":{"line":24,"column":82}},"25":{"start":{"line":26,"column":0},"end":{"line":26,"column":30}},"26":{"start":{"line":27,"column":0},"end":{"line":27,"column":59}},"27":{"start":{"line":28,"column":0},"end":{"line":28,"column":3}},"29":{"start":{"line":30,"column":0},"end":{"line":30,"column":39}},"30":{"start":{"line":31,"column":0},"end":{"line":31,"column":57}},"31":{"start":{"line":32,"column":0},"end":{"line":32,"column":3}},"33":{"start":{"line":34,"column":0},"end":{"line":34,"column":45}},"34":{"start":{"line":35,"column":0},"end":{"line":35,"column":1}},"36":{"start":{"line":37,"column":0},"end":{"line":37,"column":49}},"37":{"start":{"line":38,"column":0},"end":{"line":38,"column":23}},"38":{"start":{"line":39,"column":0},"end":{"line":39,"column":21}},"39":{"start":{"line":40,"column":0},"end":{"line":40,"column":18}},"40":{"start":{"line":41,"column":0},"end":{"line":41,"column":28}},"41":{"start":{"line":42,"column":0},"end":{"line":42,"column":25}},"42":{"start":{"line":43,"column":0},"end":{"line":43,"column":21}},"43":{"start":{"line":44,"column":0},"end":{"line":44,"column":3}},"44":{"start":{"line":45,"column":0},"end":{"line":45,"column":16}},"45":{"start":{"line":46,"column":0},"end":{"line":46,"column":1}},"47":{"start":{"line":48,"column":0},"end":{"line":48,"column":38}},"48":{"start":{"line":49,"column":0},"end":{"line":49,"column":88}},"49":{"start":{"line":50,"column":0},"end":{"line":50,"column":16}},"50":{"start":{"line":51,"column":0},"end":{"line":51,"column":1}},"52":{"start":{"line":53,"column":0},"end":{"line":53,"column":24}},"53":{"start":{"line":54,"column":0},"end":{"line":54,"column":111}},"54":{"start":{"line":55,"column":0},"end":{"line":55,"column":109}},"55":{"start":{"line":56,"column":0},"end":{"line":56,"column":109}},"56":{"start":{"line":57,"column":0},"end":{"line":57,"column":144}},"57":{"start":{"line":58,"column":0},"end":{"line":58,"column":144}},"58":{"start":{"line":59,"column":0},"end":{"line":59,"column":2}}},"s":{"0":1,"1":1,"2":1,"3":1,"4":1,"7":1,"8":1,"10":1,"12":1,"13":2,"14":2,"15":2,"16":2,"17":2,"18":2,"19":2,"20":2,"21":2,"23":2,"25":2,"26":0,"27":0,"29":2,"30":0,"31":0,"33":2,"34":2,"36":3,"37":3,"38":3,"39":3,"40":2,"41":2,"42":2,"43":2,"44":3,"45":3,"47":2,"48":2,"49":1,"50":1,"52":1,"53":1,"54":1,"55":1,"56":1,"57":1,"58":1},"branchMap":{"0":{"type":"branch","line":13,"loc":{"start":{"line":13,"column":7},"end":{"line":35,"column":1}},"locations":[{"start":{"line":13,"column":7},"end":{"line":35,"column":1}}]},"1":{"type":"branch","line":19,"loc":{"start":{"line":19,"column":21},"end":{"line":19,"column":50}},"locations":[{"start":{"line":19,"column":21},"end":{"line":19,"column":50}}]},"2":{"type":"branch","line":26,"loc":{"start":{"line":26,"column":29},"end":{"line":28,"column":3}},"locations":[{"start":{"line":26,"column":29},"end":{"line":28,"column":3}}]},"3":{"type":"branch","line":30,"loc":{"start":{"line":30,"column":38},"end":{"line":32,"column":3}},"locations":[{"start":{"line":30,"column":38},"end":{"line":32,"column":3}}]},"4":{"type":"branch","line":24,"loc":{"start":{"line":24,"column":42},"end":{"line":24,"column":80}},"locations":[{"start":{"line":24,"column":42},"end":{"line":24,"column":80}}]},"5":{"type":"branch","line":34,"loc":{"start":{"line":34,"column":18},"end":{"line":34,"column":43}},"locations":[{"start":{"line":34,"column":18},"end":{"line":34,"column":43}}]},"6":{"type":"branch","line":37,"loc":{"start":{"line":37,"column":0},"end":{"line":46,"column":1}},"locations":[{"start":{"line":37,"column":0},"end":{"line":46,"column":1}}]},"7":{"type":"branch","line":40,"loc":{"start":{"line":40,"column":17},"end":{"line":44,"column":3}},"locations":[{"start":{"line":40,"column":17},"end":{"line":44,"column":3}}]},"8":{"type":"branch","line":48,"loc":{"start":{"line":48,"column":0},"end":{"line":51,"column":1}},"locations":[{"start":{"line":48,"column":0},"end":{"line":51,"column":1}}]},"9":{"type":"branch","line":49,"loc":{"start":{"line":49,"column":15},"end":{"line":51,"column":1}},"locations":[{"start":{"line":49,"column":15},"end":{"line":51,"column":1}}]},"10":{"type":"branch","line":55,"loc":{"start":{"line":55,"column":2},"end":{"line":55,"column":109}},"locations":[{"start":{"line":55,"column":2},"end":{"line":55,"column":109}}]}},"b":{"0":[2],"1":[0],"2":[0],"3":[0],"4":[1],"5":[1],"6":[3],"7":[2],"8":[2],"9":[1],"10":[2]},"fnMap":{"0":{"name":"init","decl":{"start":{"line":13,"column":7},"end":{"line":35,"column":1}},"loc":{"start":{"line":13,"column":7},"end":{"line":35,"column":1}},"line":13},"1":{"name":"flush","decl":{"start":{"line":34,"column":18},"end":{"line":34,"column":43}},"loc":{"start":{"line":34,"column":18},"end":{"line":34,"column":43}},"line":34},"2":{"name":"shutdown","decl":{"start":{"line":37,"column":0},"end":{"line":46,"column":1}},"loc":{"start":{"line":37,"column":0},"end":{"line":46,"column":1}},"line":37},"3":{"name":"assertInitialized","decl":{"start":{"line":48,"column":0},"end":{"line":51,"column":1}},"loc":{"start":{"line":48,"column":0},"end":{"line":51,"column":1}},"line":48},"4":{"name":"debug","decl":{"start":{"line":54,"column":2},"end":{"line":54,"column":111}},"loc":{"start":{"line":54,"column":2},"end":{"line":54,"column":111}},"line":54},"5":{"name":"info","decl":{"start":{"line":55,"column":2},"end":{"line":55,"column":109}},"loc":{"start":{"line":55,"column":2},"end":{"line":55,"column":109}},"line":55},"6":{"name":"warn","decl":{"start":{"line":56,"column":2},"end":{"line":56,"column":109}},"loc":{"start":{"line":56,"column":2},"end":{"line":56,"column":109}},"line":56},"7":{"name":"error","decl":{"start":{"line":57,"column":2},"end":{"line":57,"column":144}},"loc":{"start":{"line":57,"column":2},"end":{"line":57,"column":144}},"line":57},"8":{"name":"fatal","decl":{"start":{"line":58,"column":2},"end":{"line":58,"column":144}},"loc":{"start":{"line":58,"column":2},"end":{"line":58,"column":144}},"line":58}},"f":{"0":2,"1":1,"2":3,"3":2,"4":0,"5":2,"6":0,"7":0,"8":0}}
,"/Users/james/Development/auralog/packages/sdk/src/logger.ts": {"path":"/Users/james/Development/auralog/packages/sdk/src/logger.ts","all":false,"statementMap":{"5":{"start":{"line":6,"column":0},"end":{"line":6,"column":21}},"6":{"start":{"line":7,"column":0},"end":{"line":7,"column":42}},"7":{"start":{"line":8,"column":0},"end":{"line":8,"column":30}},"9":{"start":{"line":10,"column":0},"end":{"line":10,"column":69}},"10":{"start":{"line":11,"column":0},"end":{"line":11,"column":35}},"11":{"start":{"line":12,"column":0},"end":{"line":12,"column":27}},"12":{"start":{"line":13,"column":0},"end":{"line":13,"column":3}},"14":{"start":{"line":15,"column":0},"end":{"line":15,"column":108}},"15":{"start":{"line":16,"column":0},"end":{"line":16,"column":106}},"16":{"start":{"line":17,"column":0},"end":{"line":17,"column":106}},"17":{"start":{"line":18,"column":0},"end":{"line":18,"column":141}},"18":{"start":{"line":19,"column":0},"end":{"line":19,"column":141}},"20":{"start":{"line":21,"column":0},"end":{"line":21,"column":112}},"21":{"start":{"line":22,"column":0},"end":{"line":22,"column":127}},"22":{"start":{"line":23,"column":0},"end":{"line":23,"column":3}},"23":{"start":{"line":24,"column":0},"end":{"line":24,"column":1}}},"s":{"5":1,"6":6,"7":6,"9":6,"10":6,"11":6,"12":6,"14":6,"15":6,"16":6,"17":6,"18":6,"20":6,"21":9,"22":9,"23":6},"branchMap":{"0":{"type":"branch","line":6,"loc":{"start":{"line":6,"column":20},"end":{"line":24,"column":1}},"locations":[{"start":{"line":6,"column":20},"end":{"line":24,"column":1}}]},"1":{"type":"branch","line":10,"loc":{"start":{"line":10,"column":2},"end":{"line":13,"column":3}},"locations":[{"start":{"line":10,"column":2},"end":{"line":13,"column":3}}]},"2":{"type":"branch","line":15,"loc":{"start":{"line":15,"column":2},"end":{"line":15,"column":108}},"locations":[{"start":{"line":15,"column":2},"end":{"line":15,"column":108}}]},"3":{"type":"branch","line":16,"loc":{"start":{"line":16,"column":2},"end":{"line":16,"column":106}},"locations":[{"start":{"line":16,"column":2},"end":{"line":16,"column":106}}]},"4":{"type":"branch","line":17,"loc":{"start":{"line":17,"column":2},"end":{"line":17,"column":106}},"locations":[{"start":{"line":17,"column":2},"end":{"line":17,"column":106}}]},"5":{"type":"branch","line":18,"loc":{"start":{"line":18,"column":2},"end":{"line":18,"column":141}},"locations":[{"start":{"line":18,"column":2},"end":{"line":18,"column":141}}]},"6":{"type":"branch","line":19,"loc":{"start":{"line":19,"column":2},"end":{"line":19,"column":141}},"locations":[{"start":{"line":19,"column":2},"end":{"line":19,"column":141}}]},"7":{"type":"branch","line":21,"loc":{"start":{"line":21,"column":10},"end":{"line":23,"column":3}},"locations":[{"start":{"line":21,"column":10},"end":{"line":23,"column":3}}]}},"b":{"0":[6],"1":[6],"2":[1],"3":[5],"4":[1],"5":[1],"6":[1],"7":[9]},"fnMap":{"0":{"name":"<instance_members_initializer>","decl":{"start":{"line":6,"column":20},"end":{"line":24,"column":1}},"loc":{"start":{"line":6,"column":20},"end":{"line":24,"column":1}},"line":6},"1":{"name":"Logger","decl":{"start":{"line":10,"column":2},"end":{"line":13,"column":3}},"loc":{"start":{"line":10,"column":2},"end":{"line":13,"column":3}},"line":10},"2":{"name":"debug","decl":{"start":{"line":15,"column":2},"end":{"line":15,"column":108}},"loc":{"start":{"line":15,"column":2},"end":{"line":15,"column":108}},"line":15},"3":{"name":"info","decl":{"start":{"line":16,"column":2},"end":{"line":16,"column":106}},"loc":{"start":{"line":16,"column":2},"end":{"line":16,"column":106}},"line":16},"4":{"name":"warn","decl":{"start":{"line":17,"column":2},"end":{"line":17,"column":106}},"loc":{"start":{"line":17,"column":2},"end":{"line":17,"column":106}},"line":17},"5":{"name":"error","decl":{"start":{"line":18,"column":2},"end":{"line":18,"column":141}},"loc":{"start":{"line":18,"column":2},"end":{"line":18,"column":141}},"line":18},"6":{"name":"fatal","decl":{"start":{"line":19,"column":2},"end":{"line":19,"column":141}},"loc":{"start":{"line":19,"column":2},"end":{"line":19,"column":141}},"line":19},"7":{"name":"log","decl":{"start":{"line":21,"column":10},"end":{"line":23,"column":3}},"loc":{"start":{"line":21,"column":10},"end":{"line":23,"column":3}},"line":21}},"f":{"0":6,"1":6,"2":1,"3":5,"4":1,"5":1,"6":1,"7":9}}
,"/Users/james/Development/auralog/packages/sdk/src/transport.ts": {"path":"/Users/james/Development/auralog/packages/sdk/src/transport.ts","all":false,"statementMap":{"0":{"start":{"line":1,"column":0},"end":{"line":1,"column":51}},"10":{"start":{"line":11,"column":0},"end":{"line":11,"column":24}},"11":{"start":{"line":12,"column":0},"end":{"line":12,"column":25}},"12":{"start":{"line":13,"column":0},"end":{"line":13,"column":27}},"13":{"start":{"line":14,"column":0},"end":{"line":14,"column":32}},"14":{"start":{"line":15,"column":0},"end":{"line":15,"column":42}},"15":{"start":{"line":16,"column":0},"end":{"line":16,"column":61}},"16":{"start":{"line":17,"column":0},"end":{"line":17,"column":32}},"17":{"start":{"line":18,"column":0},"end":{"line":18,"column":26}},"19":{"start":{"line":20,"column":0},"end":{"line":20,"column":40}},"20":{"start":{"line":21,"column":0},"end":{"line":21,"column":32}},"21":{"start":{"line":22,"column":0},"end":{"line":22,"column":36}},"22":{"start":{"line":23,"column":0},"end":{"line":23,"column":46}},"23":{"start":{"line":24,"column":0},"end":{"line":24,"column":43}},"24":{"start":{"line":25,"column":0},"end":{"line":25,"column":24}},"25":{"start":{"line":26,"column":0},"end":{"line":26,"column":3}},"27":{"start":{"line":28,"column":0},"end":{"line":28,"column":32}},"28":{"start":{"line":29,"column":0},"end":{"line":29,"column":29}},"29":{"start":{"line":30,"column":0},"end":{"line":30,"column":35}},"32":{"start":{"line":33,"column":0},"end":{"line":33,"column":56}},"33":{"start":{"line":34,"column":0},"end":{"line":34,"column":27}},"34":{"start":{"line":35,"column":0},"end":{"line":35,"column":3}},"36":{"start":{"line":37,"column":0},"end":{"line":37,"column":39}},"37":{"start":{"line":38,"column":0},"end":{"line":38,"column":88}},"38":{"start":{"line":39,"column":0},"end":{"line":39,"column":28}},"39":{"start":{"line":40,"column":0},"end":{"line":40,"column":3}},"41":{"start":{"line":42,"column":0},"end":{"line":42,"column":32}},"42":{"start":{"line":43,"column":0},"end":{"line":43,"column":41}},"43":{"start":{"line":44,"column":0},"end":{"line":44,"column":39}},"44":{"start":{"line":45,"column":0},"end":{"line":45,"column":52}},"45":{"start":{"line":46,"column":0},"end":{"line":46,"column":21}},"46":{"start":{"line":47,"column":0},"end":{"line":47,"column":54}},"47":{"start":{"line":48,"column":0},"end":{"line":48,"column":65}},"48":{"start":{"line":49,"column":0},"end":{"line":49,"column":7}},"49":{"start":{"line":50,"column":0},"end":{"line":50,"column":3}},"51":{"start":{"line":52,"column":0},"end":{"line":52,"column":20}},"52":{"start":{"line":53,"column":0},"end":{"line":53,"column":24}},"53":{"start":{"line":54,"column":0},"end":{"line":54,"column":68}},"54":{"start":{"line":55,"column":0},"end":{"line":55,"column":3}},"56":{"start":{"line":57,"column":0},"end":{"line":57,"column":68}},"57":{"start":{"line":58,"column":0},"end":{"line":58,"column":59}},"58":{"start":{"line":59,"column":0},"end":{"line":59,"column":21}},"59":{"start":{"line":60,"column":0},"end":{"line":60,"column":54}},"60":{"start":{"line":61,"column":0},"end":{"line":61,"column":71}},"61":{"start":{"line":62,"column":0},"end":{"line":62,"column":7}},"62":{"start":{"line":63,"column":0},"end":{"line":63,"column":3}},"63":{"start":{"line":64,"column":0},"end":{"line":64,"column":1}}},"s":{"0":1,"10":1,"11":7,"12":7,"13":7,"14":7,"15":7,"16":7,"17":7,"19":7,"20":7,"21":7,"22":7,"23":7,"24":7,"25":7,"27":7,"28":9,"29":9,"32":2,"33":9,"34":9,"36":7,"37":6,"38":4,"39":6,"41":7,"42":6,"43":3,"44":3,"45":3,"46":3,"47":3,"48":3,"49":6,"51":7,"52":7,"53":7,"54":7,"56":7,"57":2,"58":2,"59":2,"60":2,"61":2,"62":2,"63":7},"branchMap":{"0":{"type":"branch","line":11,"loc":{"start":{"line":11,"column":23},"end":{"line":64,"column":1}},"locations":[{"start":{"line":11,"column":23},"end":{"line":64,"column":1}}]},"1":{"type":"branch","line":20,"loc":{"start":{"line":20,"column":2},"end":{"line":26,"column":3}},"locations":[{"start":{"line":20,"column":2},"end":{"line":26,"column":3}}]},"2":{"type":"branch","line":24,"loc":{"start":{"line":24,"column":26},"end":{"line":24,"column":43}},"locations":[{"start":{"line":24,"column":26},"end":{"line":24,"column":43}}]},"3":{"type":"branch","line":28,"loc":{"start":{"line":28,"column":10},"end":{"line":35,"column":3}},"locations":[{"start":{"line":28,"column":10},"end":{"line":35,"column":3}}]},"4":{"type":"branch","line":29,"loc":{"start":{"line":29,"column":22},"end":{"line":29,"column":29}},"locations":[{"start":{"line":29,"column":22},"end":{"line":29,"column":29}}]},"5":{"type":"branch","line":30,"loc":{"start":{"line":30,"column":28},"end":{"line":34,"column":7}},"locations":[{"start":{"line":30,"column":28},"end":{"line":34,"column":7}}]},"6":{"type":"branch","line":33,"loc":{"start":{"line":33,"column":29},"end":{"line":33,"column":54}},"locations":[{"start":{"line":33,"column":29},"end":{"line":33,"column":54}}]},"7":{"type":"branch","line":37,"loc":{"start":{"line":37,"column":2},"end":{"line":40,"column":3}},"locations":[{"start":{"line":37,"column":2},"end":{"line":40,"column":3}}]},"8":{"type":"branch","line":38,"loc":{"start":{"line":38,"column":48},"end":{"line":38,"column":88}},"locations":[{"start":{"line":38,"column":48},"end":{"line":38,"column":88}}]},"9":{"type":"branch","line":38,"loc":{"start":{"line":38,"column":87},"end":{"line":39,"column":28}},"locations":[{"start":{"line":38,"column":87},"end":{"line":39,"column":28}}]},"10":{"type":"branch","line":42,"loc":{"start":{"line":42,"column":2},"end":{"line":50,"column":3}},"locations":[{"start":{"line":42,"column":2},"end":{"line":50,"column":3}}]},"11":{"type":"branch","line":43,"loc":{"start":{"line":43,"column":34},"end":{"line":49,"column":7}},"locations":[{"start":{"line":43,"column":34},"end":{"line":49,"column":7}}]},"12":{"type":"branch","line":52,"loc":{"start":{"line":52,"column":2},"end":{"line":55,"column":3}},"locations":[{"start":{"line":52,"column":2},"end":{"line":55,"column":3}}]},"13":{"type":"branch","line":57,"loc":{"start":{"line":57,"column":2},"end":{"line":63,"column":3}},"locations":[{"start":{"line":57,"column":2},"end":{"line":63,"column":3}}]}},"b":{"0":[7],"1":[7],"2":[0],"3":[9],"4":[0],"5":[2],"6":[2],"7":[6],"8":[2],"9":[4],"10":[6],"11":[3],"12":[7],"13":[2]},"fnMap":{"0":{"name":"<instance_members_initializer>","decl":{"start":{"line":11,"column":23},"end":{"line":64,"column":1}},"loc":{"start":{"line":11,"column":23},"end":{"line":64,"column":1}},"line":11},"1":{"name":"Transport","decl":{"start":{"line":20,"column":2},"end":{"line":26,"column":3}},"loc":{"start":{"line":20,"column":2},"end":{"line":26,"column":3}},"line":20},"2":{"name":"scheduleNext","decl":{"start":{"line":28,"column":10},"end":{"line":35,"column":3}},"loc":{"start":{"line":28,"column":10},"end":{"line":35,"column":3}},"line":28},"3":{"name":"send","decl":{"start":{"line":37,"column":2},"end":{"line":40,"column":3}},"loc":{"start":{"line":37,"column":2},"end":{"line":40,"column":3}},"line":37},"4":{"name":"flush","decl":{"start":{"line":42,"column":2},"end":{"line":50,"column":3}},"loc":{"start":{"line":42,"column":2},"end":{"line":50,"column":3}},"line":42},"5":{"name":"shutdown","decl":{"start":{"line":52,"column":2},"end":{"line":55,"column":3}},"loc":{"start":{"line":52,"column":2},"end":{"line":55,"column":3}},"line":52},"6":{"name":"sendSingle","decl":{"start":{"line":57,"column":2},"end":{"line":63,"column":3}},"loc":{"start":{"line":57,"column":2},"end":{"line":63,"column":3}},"line":57}},"f":{"0":7,"1":7,"2":9,"3":6,"4":6,"5":7,"6":2}}
,"/Users/james/Development/auralog/packages/sdk/src/types.ts": {"path":"/Users/james/Development/auralog/packages/sdk/src/types.ts","all":true,"statementMap":{},"s":{},"branchMap":{"0":{"type":"branch","line":1,"loc":{"start":{"line":1,"column":411},"end":{"line":19,"column":1}},"locations":[{"start":{"line":1,"column":411},"end":{"line":19,"column":1}}]}},"b":{"0":[1]},"fnMap":{"0":{"name":"(empty-report)","decl":{"start":{"line":1,"column":411},"end":{"line":19,"column":1}},"loc":{"start":{"line":1,"column":411},"end":{"line":19,"column":1}},"line":1}},"f":{"0":1}}
}
